<?xml version="1.0" encoding="UTF-8"?>
<!-- Generated by org.testng.reporters.JUnitXMLReporter -->
<testsuite hostname="Ganeshrams-MacBook-Pro.local" name="Default test" tests="1" failures="1" timestamp="16 Sep 2015 01:47:52 GMT" time="1.064" errors="0">
  <testcase name="createClient" time="0.444" classname="com.msci.benchmark.aggragator.service.test.TestBenchmarkClientMngmtService">
    <failure type="javax.ws.rs.InternalServerErrorException" message="HTTP 500 Request failed.">
      <![CDATA[javax.ws.rs.InternalServerErrorException: HTTP 500 Request failed.
	at org.glassfish.jersey.client.JerseyInvocation.convertToException(JerseyInvocation.java:1020)
	at org.glassfish.jersey.client.JerseyInvocation.translate(JerseyInvocation.java:816)
	at org.glassfish.jersey.client.JerseyInvocation.access$700(JerseyInvocation.java:92)
	at org.glassfish.jersey.client.JerseyInvocation$2.call(JerseyInvocation.java:700)
	at org.glassfish.jersey.internal.Errors.process(Errors.java:315)
	at org.glassfish.jersey.internal.Errors.process(Errors.java:297)
	at org.glassfish.jersey.internal.Errors.process(Errors.java:228)
	at org.glassfish.jersey.process.internal.RequestScope.runInScope(RequestScope.java:444)
	at org.glassfish.jersey.client.JerseyInvocation.invoke(JerseyInvocation.java:696)
	at org.glassfish.jersey.client.JerseyInvocation$Builder.method(JerseyInvocation.java:448)
	at org.glassfish.jersey.client.JerseyInvocation$Builder.post(JerseyInvocation.java:349)
	at com.msci.benchmark.aggragator.service.test.TestBenchmarkClientMngmtService.createClient(TestBenchmarkClientMngmtService.java:56)
	at sun.reflect.NativeMethodAccessorImpl.invoke0(Native Method)
	at sun.reflect.NativeMethodAccessorImpl.invoke(NativeMethodAccessorImpl.java:62)
	at sun.reflect.DelegatingMethodAccessorImpl.invoke(DelegatingMethodAccessorImpl.java:43)
	at java.lang.reflect.Method.invoke(Method.java:497)
	at org.testng.internal.MethodInvocationHelper.invokeMethod(MethodInvocationHelper.java:85)
	at org.testng.internal.MethodInvocationHelper$1.runTestMethod(MethodInvocationHelper.java:196)
	at org.jvnet.testing.hk2testng.HK2TestListenerAdapter.run(HK2TestListenerAdapter.java:85)
	at org.testng.internal.MethodInvocationHelper.invokeHookable(MethodInvocationHelper.java:208)
	at org.testng.internal.Invoker.invokeMethod(Invoker.java:635)
	at org.testng.internal.Invoker.invokeTestMethod(Invoker.java:821)
	at org.testng.internal.Invoker.invokeTestMethods(Invoker.java:1131)
	at org.testng.internal.TestMethodWorker.invokeTestMethods(TestMethodWorker.java:124)
	at org.testng.internal.TestMethodWorker.run(TestMethodWorker.java:108)
	at org.testng.TestRunner.privateRun(TestRunner.java:773)
	at org.testng.TestRunner.run(TestRunner.java:623)
	at org.testng.SuiteRunner.runTest(SuiteRunner.java:357)
	at org.testng.SuiteRunner.runSequentially(SuiteRunner.java:352)
	at org.testng.SuiteRunner.privateRun(SuiteRunner.java:310)
	at org.testng.SuiteRunner.run(SuiteRunner.java:259)
	at org.testng.SuiteRunnerWorker.runSuite(SuiteRunnerWorker.java:52)
	at org.testng.SuiteRunnerWorker.run(SuiteRunnerWorker.java:86)
	at org.testng.TestNG.runSuitesSequentially(TestNG.java:1185)
	at org.testng.TestNG.runSuitesLocally(TestNG.java:1110)
	at org.testng.TestNG.run(TestNG.java:1018)
	at org.testng.remote.RemoteTestNG.run(RemoteTestNG.java:111)
	at org.testng.remote.RemoteTestNG.initAndRun(RemoteTestNG.java:204)
	at org.testng.remote.RemoteTestNG.main(RemoteTestNG.java:175)
]]>
    </failure>
  </testcase> <!-- createClient -->
</testsuite> <!-- Default test -->
