<?xml version="1.0" encoding="UTF-8"?>
<testng-results skipped="0" failed="1" total="1" passed="0">
  <reporter-output>
  </reporter-output>
  <suite name="Default suite" duration-ms="1064" started-at="2015-09-16T01:47:50Z" finished-at="2015-09-16T01:47:51Z">
    <groups>
    </groups>
    <test name="Default test" duration-ms="1064" started-at="2015-09-16T01:47:50Z" finished-at="2015-09-16T01:47:51Z">
      <class name="com.msci.benchmark.aggragator.service.test.TestBenchmarkClientMngmtService">
        <test-method status="PASS" signature="setUp()[pri:0, instance:com.msci.benchmark.aggragator.service.test.TestBenchmarkClientMngmtService@de3a06f]" name="setUp" is-config="true" duration-ms="574" started-at="2015-09-15T21:47:50Z" finished-at="2015-09-15T21:47:51Z">
          <reporter-output>
          </reporter-output>
        </test-method> <!-- setUp -->
        <test-method status="FAIL" signature="createClient()[pri:0, instance:com.msci.benchmark.aggragator.service.test.TestBenchmarkClientMngmtService@de3a06f]" name="createClient" duration-ms="444" started-at="2015-09-15T21:47:51Z" finished-at="2015-09-15T21:47:51Z">
          <exception class="javax.ws.rs.InternalServerErrorException">
            <message>
              <![CDATA[HTTP 500 Request failed.]]>
            </message>
            <full-stacktrace>
              <![CDATA[javax.ws.rs.InternalServerErrorException: HTTP 500 Request failed.
	at org.glassfish.jersey.client.JerseyInvocation.convertToException(JerseyInvocation.java:1020)
	at org.glassfish.jersey.client.JerseyInvocation.translate(JerseyInvocation.java:816)
	at org.glassfish.jersey.client.JerseyInvocation.access$700(JerseyInvocation.java:92)
	at org.glassfish.jersey.client.JerseyInvocation$2.call(JerseyInvocation.java:700)
	at org.glassfish.jersey.internal.Errors.process(Errors.java:315)
	at org.glassfish.jersey.internal.Errors.process(Errors.java:297)
	at org.glassfish.jersey.internal.Errors.process(Errors.java:228)
	at org.glassfish.jersey.process.internal.RequestScope.runInScope(RequestScope.java:444)
	at org.glassfish.jersey.client.JerseyInvocation.invoke(JerseyInvocation.java:696)
	at org.glassfish.jersey.client.JerseyInvocation$Builder.method(JerseyInvocation.java:448)
	at org.glassfish.jersey.client.JerseyInvocation$Builder.post(JerseyInvocation.java:349)
	at com.msci.benchmark.aggragator.service.test.TestBenchmarkClientMngmtService.createClient(TestBenchmarkClientMngmtService.java:56)
	at sun.reflect.NativeMethodAccessorImpl.invoke0(Native Method)
	at sun.reflect.NativeMethodAccessorImpl.invoke(NativeMethodAccessorImpl.java:62)
	at sun.reflect.DelegatingMethodAccessorImpl.invoke(DelegatingMethodAccessorImpl.java:43)
	at java.lang.reflect.Method.invoke(Method.java:497)
	at org.testng.internal.MethodInvocationHelper.invokeMethod(MethodInvocationHelper.java:85)
	at org.testng.internal.MethodInvocationHelper$1.runTestMethod(MethodInvocationHelper.java:196)
	at org.jvnet.testing.hk2testng.HK2TestListenerAdapter.run(HK2TestListenerAdapter.java:85)
	at org.testng.internal.MethodInvocationHelper.invokeHookable(MethodInvocationHelper.java:208)
	at org.testng.internal.Invoker.invokeMethod(Invoker.java:635)
	at org.testng.internal.Invoker.invokeTestMethod(Invoker.java:821)
	at org.testng.internal.Invoker.invokeTestMethods(Invoker.java:1131)
	at org.testng.internal.TestMethodWorker.invokeTestMethods(TestMethodWorker.java:124)
	at org.testng.internal.TestMethodWorker.run(TestMethodWorker.java:108)
	at org.testng.TestRunner.privateRun(TestRunner.java:773)
	at org.testng.TestRunner.run(TestRunner.java:623)
	at org.testng.SuiteRunner.runTest(SuiteRunner.java:357)
	at org.testng.SuiteRunner.runSequentially(SuiteRunner.java:352)
	at org.testng.SuiteRunner.privateRun(SuiteRunner.java:310)
	at org.testng.SuiteRunner.run(SuiteRunner.java:259)
	at org.testng.SuiteRunnerWorker.runSuite(SuiteRunnerWorker.java:52)
	at org.testng.SuiteRunnerWorker.run(SuiteRunnerWorker.java:86)
	at org.testng.TestNG.runSuitesSequentially(TestNG.java:1185)
	at org.testng.TestNG.runSuitesLocally(TestNG.java:1110)
	at org.testng.TestNG.run(TestNG.java:1018)
	at org.testng.remote.RemoteTestNG.run(RemoteTestNG.java:111)
	at org.testng.remote.RemoteTestNG.initAndRun(RemoteTestNG.java:204)
	at org.testng.remote.RemoteTestNG.main(RemoteTestNG.java:175)
]]>
            </full-stacktrace>
          </exception> <!-- javax.ws.rs.InternalServerErrorException -->
          <reporter-output>
          </reporter-output>
        </test-method> <!-- createClient -->
        <test-method status="PASS" signature="tearDown()[pri:0, instance:com.msci.benchmark.aggragator.service.test.TestBenchmarkClientMngmtService@de3a06f]" name="tearDown" is-config="true" duration-ms="20" started-at="2015-09-15T21:47:51Z" finished-at="2015-09-15T21:47:51Z">
          <reporter-output>
          </reporter-output>
        </test-method> <!-- tearDown -->
      </class> <!-- com.msci.benchmark.aggragator.service.test.TestBenchmarkClientMngmtService -->
    </test> <!-- Default test -->
  </suite> <!-- Default suite -->
</testng-results>
